# JRE version: OpenJDK Runtime Environment Temurin-21.0.6+7 (21.0.6+7) (build 21.0.6+7-LTS)
# Java VM: OpenJDK 64-Bit Server VM Temurin-21.0.6+7 (21.0.6+7-LTS, mixed mode, sharing, tiered, compressed oops, compressed class ptrs, parallel gc, windows-amd64)
GC Precious Log:
 CardTable entry size: 512
 CPUs: 16 total, 16 available
 Memory: 32576M
 Large Page Support: Disabled
 NUMA Support: Disabled
 Compressed Oops: Enabled (32-bit)
 Alignments: Space 512K, Generation 512K, Heap 2M
 Heap Min Capacity: 100M
 Heap Initial Capacity: 100M
 Heap Max Capacity: 1G
 Pre-touch: Disabled
 Parallel Workers: 13
Heap:
 PSYoungGen      total 2560K, used 2190K [0x00000000eab00000, 0x00000000eaf00000, 0x0000000100000000)
  eden space 1024K, 93% used [0x00000000eab00000,0x00000000eabee9b0,0x00000000eac00000)
  from space 1536K, 80% used [0x00000000eac00000,0x00000000ead35000,0x00000000ead80000)
  to   space 1536K, 73% used [0x00000000ead80000,0x00000000eae9ae60,0x00000000eaf00000)
 ParOldGen       total 548352K, used 548142K [0x00000000c0000000, 0x00000000e1780000, 0x00000000eab00000)
  object space 548352K, 99% used [0x00000000c0000000,0x00000000e174b950,0x00000000e1780000)
 Metaspace       used 74172K, committed 75648K, reserved 1179648K
  class space    used 7497K, committed 8128K, reserved 1048576K
GC Heap History (20 events):
Event: 17.399 GC heap after
{Heap after GC invocations=715 (full 3):
 PSYoungGen      total 2560K, used 1516K [0x00000000eab00000, 0x00000000eb380000, 0x0000000100000000)
  eden space 1024K, 0% used [0x00000000eab00000,0x00000000eab00000,0x00000000eac00000)
  from space 1536K, 98% used [0x00000000eaf00000,0x00000000eb07b100,0x00000000eb080000)
  to   space 3072K, 0% used [0x00000000eac00000,0x00000000eac00000,0x00000000eaf00000)
 ParOldGen       total 537088K, used 536724K [0x00000000c0000000, 0x00000000e0c80000, 0x00000000eab00000)
  object space 537088K, 99% used [0x00000000c0000000,0x00000000e0c250b0,0x00000000e0c80000)
 Metaspace       used 74172K, committed 75648K, reserved 1179648K
  class space    used 7497K, committed 8128K, reserved 1048576K
}
Event: 17.406 GC heap before
{Heap before GC invocations=716 (full 3):
 PSYoungGen      total 2560K, used 2477K [0x00000000eab00000, 0x00000000eb380000, 0x0000000100000000)
  eden space 1024K, 93% used [0x00000000eab00000,0x00000000eabf0490,0x00000000eac00000)
  from space 1536K, 98% used [0x00000000eaf00000,0x00000000eb07b100,0x00000000eb080000)
  to   space 3072K, 0% used [0x00000000eac00000,0x00000000eac00000,0x00000000eaf00000)
 ParOldGen       total 537088K, used 536724K [0x00000000c0000000, 0x00000000e0c80000, 0x00000000eab00000)
  object space 537088K, 99% used [0x00000000c0000000,0x00000000e0c250b0,0x00000000e0c80000)
 Metaspace       used 74172K, committed 75648K, reserved 1179648K
  class space    used 7497K, committed 8128K, reserved 1048576K
}
Event: 17.407 GC heap after
{Heap after GC invocations=716 (full 3):
 PSYoungGen      total 2560K, used 1130K [0x00000000eab00000, 0x00000000eb000000, 0x0000000100000000)
  eden space 1024K, 0% used [0x00000000eab00000,0x00000000eab00000,0x00000000eac00000)
  from space 1536K, 73% used [0x00000000eac00000,0x00000000ead1a800,0x00000000ead80000)
  to   space 2048K, 0% used [0x00000000eae00000,0x00000000eae00000,0x00000000eb000000)
 ParOldGen       total 538624K, used 538127K [0x00000000c0000000, 0x00000000e0e00000, 0x00000000eab00000)
  object space 538624K, 99% used [0x00000000c0000000,0x00000000e0d83e50,0x00000000e0e00000)
 Metaspace       used 74172K, committed 75648K, reserved 1179648K
  class space    used 7497K, committed 8128K, reserved 1048576K
}
Event: 17.413 GC heap before
{Heap before GC invocations=717 (full 3):
 PSYoungGen      total 2560K, used 2133K [0x00000000eab00000, 0x00000000eb000000, 0x0000000100000000)
  eden space 1024K, 97% used [0x00000000eab00000,0x00000000eabfacd8,0x00000000eac00000)
  from space 1536K, 73% used [0x00000000eac00000,0x00000000ead1a800,0x00000000ead80000)
  to   space 2048K, 0% used [0x00000000eae00000,0x00000000eae00000,0x00000000eb000000)
 ParOldGen       total 538624K, used 538127K [0x00000000c0000000, 0x00000000e0e00000, 0x00000000eab00000)
  object space 538624K, 99% used [0x00000000c0000000,0x00000000e0d83e50,0x00000000e0e00000)
 Metaspace       used 74172K, committed 75648K, reserved 1179648K
  class space    used 7497K, committed 8128K, reserved 1048576K
}
Event: 17.414 GC heap after
{Heap after GC invocations=717 (full 3):
 PSYoungGen      total 2560K, used 1116K [0x00000000eab00000, 0x00000000eaf80000, 0x0000000100000000)
  eden space 1024K, 0% used [0x00000000eab00000,0x00000000eab00000,0x00000000eac00000)
  from space 1536K, 72% used [0x00000000eae00000,0x00000000eaf17000,0x00000000eaf80000)
  to   space 1536K, 0% used [0x00000000eac00000,0x00000000eac00000,0x00000000ead80000)
 ParOldGen       total 539136K, used 539091K [0x00000000c0000000, 0x00000000e0e80000, 0x00000000eab00000)
  object space 539136K, 99% used [0x00000000c0000000,0x00000000e0e74e40,0x00000000e0e80000)
 Metaspace       used 74172K, committed 75648K, reserved 1179648K
  class space    used 7497K, committed 8128K, reserved 1048576K
}
Event: 17.421 GC heap before
{Heap before GC invocations=718 (full 3):
 PSYoungGen      total 2560K, used 2140K [0x00000000eab00000, 0x00000000eaf80000, 0x0000000100000000)
  eden space 1024K, 100% used [0x00000000eab00000,0x00000000eac00000,0x00000000eac00000)
  from space 1536K, 72% used [0x00000000eae00000,0x00000000eaf17000,0x00000000eaf80000)
  to   space 1536K, 0% used [0x00000000eac00000,0x00000000eac00000,0x00000000ead80000)
 ParOldGen       total 539136K, used 539091K [0x00000000c0000000, 0x00000000e0e80000, 0x00000000eab00000)
  object space 539136K, 99% used [0x00000000c0000000,0x00000000e0e74e40,0x00000000e0e80000)
 Metaspace       used 74172K, committed 75648K, reserved 1179648K
  class space    used 7497K, committed 8128K, reserved 1048576K
}
Event: 17.422 GC heap after
{Heap after GC invocations=718 (full 3):
 PSYoungGen      total 2560K, used 1201K [0x00000000eab00000, 0x00000000eaf00000, 0x0000000100000000)
  eden space 1024K, 0% used [0x00000000eab00000,0x00000000eab00000,0x00000000eac00000)
  from space 1536K, 78% used [0x00000000eac00000,0x00000000ead2c570,0x00000000ead80000)
  to   space 1536K, 0% used [0x00000000ead80000,0x00000000ead80000,0x00000000eaf00000)
 ParOldGen       total 540160K, used 540126K [0x00000000c0000000, 0x00000000e0f80000, 0x00000000eab00000)
  object space 540160K, 99% used [0x00000000c0000000,0x00000000e0f778e8,0x00000000e0f80000)
 Metaspace       used 74172K, committed 75648K, reserved 1179648K
  class space    used 7497K, committed 8128K, reserved 1048576K
}
Event: 17.428 GC heap before
{Heap before GC invocations=719 (full 3):
 PSYoungGen      total 2560K, used 2150K [0x00000000eab00000, 0x00000000eaf00000, 0x0000000100000000)
  eden space 1024K, 92% used [0x00000000eab00000,0x00000000eabed448,0x00000000eac00000)
  from space 1536K, 78% used [0x00000000eac00000,0x00000000ead2c570,0x00000000ead80000)
  to   space 1536K, 0% used [0x00000000ead80000,0x00000000ead80000,0x00000000eaf00000)
 ParOldGen       total 540160K, used 540126K [0x00000000c0000000, 0x00000000e0f80000, 0x00000000eab00000)
  object space 540160K, 99% used [0x00000000c0000000,0x00000000e0f778e8,0x00000000e0f80000)
 Metaspace       used 74172K, committed 75648K, reserved 1179648K
  class space    used 7497K, committed 8128K, reserved 1048576K
}
Event: 17.429 GC heap after
{Heap after GC invocations=719 (full 3):
 PSYoungGen      total 2560K, used 1159K [0x00000000eab00000, 0x00000000eaf00000, 0x0000000100000000)
  eden space 1024K, 0% used [0x00000000eab00000,0x00000000eab00000,0x00000000eac00000)
  from space 1536K, 75% used [0x00000000ead80000,0x00000000eaea1fd0,0x00000000eaf00000)
  to   space 1536K, 0% used [0x00000000eac00000,0x00000000eac00000,0x00000000ead80000)
 ParOldGen       total 541696K, used 541194K [0x00000000c0000000, 0x00000000e1100000, 0x00000000eab00000)
  object space 541696K, 99% used [0x00000000c0000000,0x00000000e10828f8,0x00000000e1100000)
 Metaspace       used 74172K, committed 75648K, reserved 1179648K
  class space    used 7497K, committed 8128K, reserved 1048576K
}
Event: 17.440 GC heap before
{Heap before GC invocations=720 (full 3):
 PSYoungGen      total 2560K, used 2183K [0x00000000eab00000, 0x00000000eaf00000, 0x0000000100000000)
  eden space 1024K, 100% used [0x00000000eab00000,0x00000000eac00000,0x00000000eac00000)
  from space 1536K, 75% used [0x00000000ead80000,0x00000000eaea1fd0,0x00000000eaf00000)
  to   space 1536K, 0% used [0x00000000eac00000,0x00000000eac00000,0x00000000ead80000)
 ParOldGen       total 541696K, used 541194K [0x00000000c0000000, 0x00000000e1100000, 0x00000000eab00000)
  object space 541696K, 99% used [0x00000000c0000000,0x00000000e10828f8,0x00000000e1100000)
 Metaspace       used 74172K, committed 75648K, reserved 1179648K
  class space    used 7497K, committed 8128K, reserved 1048576K
}
Event: 17.441 GC heap after
{Heap after GC invocations=720 (full 3):
 PSYoungGen      total 2560K, used 1216K [0x00000000eab00000, 0x00000000eaf00000, 0x0000000100000000)
  eden space 1024K, 0% used [0x00000000eab00000,0x00000000eab00000,0x00000000eac00000)
  from space 1536K, 79% used [0x00000000eac00000,0x00000000ead30000,0x00000000ead80000)
  to   space 1536K, 0% used [0x00000000ead80000,0x00000000ead80000,0x00000000eaf00000)
 ParOldGen       total 542208K, used 542152K [0x00000000c0000000, 0x00000000e1180000, 0x00000000eab00000)
  object space 542208K, 99% used [0x00000000c0000000,0x00000000e1172310,0x00000000e1180000)
 Metaspace       used 74172K, committed 75648K, reserved 1179648K
  class space    used 7497K, committed 8128K, reserved 1048576K
}
Event: 17.447 GC heap before
{Heap before GC invocations=721 (full 3):
 PSYoungGen      total 2560K, used 2240K [0x00000000eab00000, 0x00000000eaf00000, 0x0000000100000000)
  eden space 1024K, 100% used [0x00000000eab00000,0x00000000eac00000,0x00000000eac00000)
  from space 1536K, 79% used [0x00000000eac00000,0x00000000ead30000,0x00000000ead80000)
  to   space 1536K, 0% used [0x00000000ead80000,0x00000000ead80000,0x00000000eaf00000)
 ParOldGen       total 542208K, used 542152K [0x00000000c0000000, 0x00000000e1180000, 0x00000000eab00000)
  object space 542208K, 99% used [0x00000000c0000000,0x00000000e1172310,0x00000000e1180000)
 Metaspace       used 74172K, committed 75648K, reserved 1179648K
  class space    used 7497K, committed 8128K, reserved 1048576K
}
Event: 17.448 GC heap after
{Heap after GC invocations=721 (full 3):
 PSYoungGen      total 2560K, used 1208K [0x00000000eab00000, 0x00000000eaf00000, 0x0000000100000000)
  eden space 1024K, 0% used [0x00000000eab00000,0x00000000eab00000,0x00000000eac00000)
  from space 1536K, 78% used [0x00000000ead80000,0x00000000eaeae000,0x00000000eaf00000)
  to   space 1536K, 0% used [0x00000000eac00000,0x00000000eac00000,0x00000000ead80000)
 ParOldGen       total 543232K, used 543216K [0x00000000c0000000, 0x00000000e1280000, 0x00000000eab00000)
  object space 543232K, 99% used [0x00000000c0000000,0x00000000e127c300,0x00000000e1280000)
 Metaspace       used 74172K, committed 75648K, reserved 1179648K
  class space    used 7497K, committed 8128K, reserved 1048576K
}
Event: 17.458 GC heap before
{Heap before GC invocations=722 (full 3):
 PSYoungGen      total 2560K, used 2232K [0x00000000eab00000, 0x00000000eaf00000, 0x0000000100000000)
  eden space 1024K, 100% used [0x00000000eab00000,0x00000000eac00000,0x00000000eac00000)
  from space 1536K, 78% used [0x00000000ead80000,0x00000000eaeae000,0x00000000eaf00000)
  to   space 1536K, 0% used [0x00000000eac00000,0x00000000eac00000,0x00000000ead80000)
 ParOldGen       total 543232K, used 543216K [0x00000000c0000000, 0x00000000e1280000, 0x00000000eab00000)
  object space 543232K, 99% used [0x00000000c0000000,0x00000000e127c300,0x00000000e1280000)
 Metaspace       used 74172K, committed 75648K, reserved 1179648K
  class space    used 7497K, committed 8128K, reserved 1048576K
}
Event: 17.459 GC heap after
{Heap after GC invocations=722 (full 3):
 PSYoungGen      total 2560K, used 1223K [0x00000000eab00000, 0x00000000eaf00000, 0x0000000100000000)
  eden space 1024K, 0% used [0x00000000eab00000,0x00000000eab00000,0x00000000eac00000)
  from space 1536K, 79% used [0x00000000eac00000,0x00000000ead31fd0,0x00000000ead80000)
  to   space 1536K, 0% used [0x00000000ead80000,0x00000000ead80000,0x00000000eaf00000)
 ParOldGen       total 545280K, used 545000K [0x00000000c0000000, 0x00000000e1480000, 0x00000000eab00000)
  object space 545280K, 99% used [0x00000000c0000000,0x00000000e143a2f0,0x00000000e1480000)
 Metaspace       used 74172K, committed 75648K, reserved 1179648K
  class space    used 7497K, committed 8128K, reserved 1048576K
}
Event: 17.468 GC heap before
{Heap before GC invocations=723 (full 3):
 PSYoungGen      total 2560K, used 2247K [0x00000000eab00000, 0x00000000eaf00000, 0x0000000100000000)
  eden space 1024K, 100% used [0x00000000eab00000,0x00000000eac00000,0x00000000eac00000)
  from space 1536K, 79% used [0x00000000eac00000,0x00000000ead31fd0,0x00000000ead80000)
  to   space 1536K, 0% used [0x00000000ead80000,0x00000000ead80000,0x00000000eaf00000)
 ParOldGen       total 545280K, used 545000K [0x00000000c0000000, 0x00000000e1480000, 0x00000000eab00000)
  object space 545280K, 99% used [0x00000000c0000000,0x00000000e143a2f0,0x00000000e1480000)
 Metaspace       used 74172K, committed 75648K, reserved 1179648K
  class space    used 7497K, committed 8128K, reserved 1048576K
}
Event: 17.469 GC heap after
{Heap after GC invocations=723 (full 3):
 PSYoungGen      total 2560K, used 1189K [0x00000000eab00000, 0x00000000eaf00000, 0x0000000100000000)
  eden space 1024K, 0% used [0x00000000eab00000,0x00000000eab00000,0x00000000eac00000)
  from space 1536K, 77% used [0x00000000ead80000,0x00000000eaea97a0,0x00000000eaf00000)
  to   space 1536K, 0% used [0x00000000eac00000,0x00000000eac00000,0x00000000ead80000)
 ParOldGen       total 546304K, used 546024K [0x00000000c0000000, 0x00000000e1580000, 0x00000000eab00000)
  object space 546304K, 99% used [0x00000000c0000000,0x00000000e153a250,0x00000000e1580000)
 Metaspace       used 74172K, committed 75648K, reserved 1179648K
  class space    used 7497K, committed 8128K, reserved 1048576K
}
Event: 17.478 GC heap before
{Heap before GC invocations=724 (full 3):
 PSYoungGen      total 2560K, used 2213K [0x00000000eab00000, 0x00000000eaf00000, 0x0000000100000000)
  eden space 1024K, 100% used [0x00000000eab00000,0x00000000eac00000,0x00000000eac00000)
  from space 1536K, 77% used [0x00000000ead80000,0x00000000eaea97a0,0x00000000eaf00000)
  to   space 1536K, 0% used [0x00000000eac00000,0x00000000eac00000,0x00000000ead80000)
 ParOldGen       total 546304K, used 546024K [0x00000000c0000000, 0x00000000e1580000, 0x00000000eab00000)
  object space 546304K, 99% used [0x00000000c0000000,0x00000000e153a250,0x00000000e1580000)
 Metaspace       used 74172K, committed 75648K, reserved 1179648K
  class space    used 7497K, committed 8128K, reserved 1048576K
}
Event: 17.480 GC heap after
{Heap after GC invocations=724 (full 3):
 PSYoungGen      total 2560K, used 1236K [0x00000000eab00000, 0x00000000eaf00000, 0x0000000100000000)
  eden space 1024K, 0% used [0x00000000eab00000,0x00000000eab00000,0x00000000eac00000)
  from space 1536K, 80% used [0x00000000eac00000,0x00000000ead35000,0x00000000ead80000)
  to   space 1536K, 0% used [0x00000000ead80000,0x00000000ead80000,0x00000000eaf00000)
 ParOldGen       total 547328K, used 547078K [0x00000000c0000000, 0x00000000e1680000, 0x00000000eab00000)
  object space 547328K, 99% used [0x00000000c0000000,0x00000000e16419b8,0x00000000e1680000)
 Metaspace       used 74172K, committed 75648K, reserved 1179648K
  class space    used 7497K, committed 8128K, reserved 1048576K
}
Event: 17.489 GC heap before
{Heap before GC invocations=725 (full 3):
 PSYoungGen      total 2560K, used 2190K [0x00000000eab00000, 0x00000000eaf00000, 0x0000000100000000)
  eden space 1024K, 93% used [0x00000000eab00000,0x00000000eabee9b0,0x00000000eac00000)
  from space 1536K, 80% used [0x00000000eac00000,0x00000000ead35000,0x00000000ead80000)
  to   space 1536K, 0% used [0x00000000ead80000,0x00000000ead80000,0x00000000eaf00000)
 ParOldGen       total 547328K, used 547078K [0x00000000c0000000, 0x00000000e1680000, 0x00000000eab00000)
  object space 547328K, 99% used [0x00000000c0000000,0x00000000e16419b8,0x00000000e1680000)
 Metaspace       used 74172K, committed 75648K, reserved 1179648K
  class space    used 7497K, committed 8128K, reserved 1048576K
}

